Arguments: 
  C:\Program Files\nodejs\node.exe C:\Users\trinv\AppData\Roaming\npm\node_modules\yarn\bin\yarn.js add bp-vuejs-dropdown

PATH: 
  C:\Program Files\Git\mingw64\bin;C:\Program Files\Git\usr\bin;C:\Users\trinv\bin;C:\Python27;C:\Python27\Scripts;C:\Program Files (x86)\Common Files\Oracle\Java\javapath;C:\ProgramData\Boxstarter;C:\WINDOWS\system32;C:\WINDOWS;C:\WINDOWS\System32\Wbem;C:\WINDOWS\System32\WindowsPowerShell\v1.0;C:\WINDOWS\System32\OpenSSH;C:\Program Files\dotnet;C:\Program Files\Microsoft SQL Server\130\Tools\Binn;C:\Users\trinv\AppData\Local\Microsoft\WindowsApps;C:\Users\trinv\AppData\Local\Programs\Microsoft VS Code\bin;C:\php;C:\composer;C:\ProgramData\chocolatey\bin;C:\Program Files\Git\cmd;C:\Program Files (x86)\Bitvise SSH Client;C:\WINDOWS\system32;C:\WINDOWS;C:\WINDOWS\System32\Wbem;C:\WINDOWS\System32\WindowsPowerShell\v1.0;C:\WINDOWS\System32\OpenSSH;C:\Program Files\nodejs;C:\Ruby26-x64\bin;C:\laragon\bin;C:\laragon\bin\apache\httpd-2.4.35-win64-VC15\bin;C:\laragon\bin\composer;C:\laragon\bin\laragon\utils;C:\laragon\bin\mysql\mysql-5.7.24-winx64\bin;C:\laragon\bin\nginx\nginx-1.14.0;C:\laragon\bin\ngrok;C:\laragon\bin\notepad++;C:\laragon\bin\php\php-7.2.11-Win32-VC15-x64;C:\laragon\bin\putty;C:\laragon\bin\redis\redis-x64-3.2.100;C:\laragon\bin\telnet;C:\laragon\usr\bin;C:\Users\trinv\AppData\Local\Yarn\config\global\node_modules\.bin;C:\Users\trinv\AppData\Roaming\Composer\vendor\bin;C:\Users\trinv\AppData\Local\Programs\Python\Python37-32\Scripts;C:\Users\trinv\AppData\Local\Programs\Python\Python37-32;C:\Users\trinv\AppData\Local\Microsoft\WindowsApps;C:\Users\trinv\AppData\Local\Programs\Microsoft VS Code\bin;C:\Users\trinv\AppData\Local\Microsoft\WindowsApps;C:\Users\trinv\AppData\Roaming\npm

Yarn version: 
  1.12.3

Node version: 
  12.2.0

Platform: 
  win32 x64

Trace: 
  Error: EPERM: operation not permitted, unlink 'E:\Chromes\Uiza\node_modules\node-sass\vendor\win32-x64-72\binding.node'

npm manifest: 
  {
    "name": "vue-chrome-extension-template",
    "version": "0.0.2",
    "description": "vue.js chrome extension template (wcer)",
    "author": "works.yura@gmail.com",
    "license": "MIT",
    "private": false,
    "dependencies": {
      "@fortawesome/fontawesome-free": "^5.8.2",
      "axios": "^0.17.0",
      "element-ui": "^2.0.1",
      "jquery": "^3.4.1",
      "lodash": "^4.17.4",
      "sendbird": "^3.0.100",
      "vue": "^2.5.2",
      "vue-carousel": "^0.18.0",
      "vue-meta": "^1.2.0",
      "vue-pouch": "^0.0.22",
      "vue-router": "^3.0.1",
      "vue-slider-component": "^3.0.31",
      "vuex": "^3.1.1",
      "vuex-map-fields": "^1.3.4"
    },
    "scripts": {
      "lint": "eslint --ext .js,.vue src",
      "dev": "webpack --config ./core/webpack.dev.js --hide-modules",
      "build": "webpack --config ./core/webpack.prod.js -p --progress  --hide-modules --colors"
    },
    "devDependencies": {
      "archiver": "^2.1.0",
      "babel-core": "^6.26.0",
      "babel-eslint": "^8.0.1",
      "babel-loader": "^7.1.2",
      "babel-plugin-transform-runtime": "^6.23.0",
      "babel-preset-env": "^1.6.1",
      "babel-preset-stage-2": "^6.24.1",
      "babel-register": "^6.26.0",
      "buble": "^0.16.0",
      "buble-loader": "^0.4.1",
      "clean-webpack-plugin": "^0.1.17",
      "copy-webpack-plugin": "^4.2.0",
      "cross-env": "^5.1.0",
      "css-loader": "^0.28.7",
      "enhanced-resolve": "^3.4.1",
      "eslint": "^4.9.0",
      "eslint-config-standard": "^10.2.1",
      "eslint-friendly-formatter": "^3.0.0",
      "eslint-loader": "^1.9.0",
      "eslint-plugin-html": "^3.2.2",
      "eslint-plugin-import": "^2.8.0",
      "eslint-plugin-node": "^5.2.1",
      "eslint-plugin-promise": "^3.6.0",
      "eslint-plugin-standard": "^3.0.1",
      "eslint-plugin-vue-libs": "^1.2.1",
      "extract-text-webpack-plugin": "^3.0.1",
      "file-loader": "^1.1.5",
      "friendly-errors-webpack-plugin": "^1.6.1",
      "html-webpack-plugin": "^2.30.1",
      "node-sass": "^4.5.3",
      "nodemon": "^1.12.1",
      "optimize-css-assets-webpack-plugin": "^3.2.0",
      "pug": "^2.0.0-rc.4",
      "pug-loader": "^2.3.0",
      "sass-loader": "^6.0.6",
      "url-loader": "^0.6.2",
      "vue-loader": "^13.3.0",
      "vue-style-loader": "^3.0.3",
      "vue-template-compiler": "^2.5.2",
      "webpack": "^3.12.0",
      "webpack-chrome-extension-reloader": "^1.3.0",
      "webpack-cli": "^3.3.2",
      "webpack-dev-server": "^2.11.5",
      "webpack-merge": "^4.1.0",
      "ws": "^3.2.0"
    }
  }

yarn manifest: 
  No manifest

Lockfile: 
  No lockfile
